{"client_ip":"::1","latency_time":59700900,"level":"info","msg":"","req_method":"POST","req_uri":"/login","status_code":200,"time":"2022-09-11 00:15:04"}
{"client_ip":"::1","latency_time":3596300,"level":"info","msg":"","req_method":"POST","req_uri":"/login","status_code":200,"time":"2022-09-11 00:22:25"}
{"client_ip":"::1","latency_time":961700,"level":"info","msg":"","req_method":"POST","req_uri":"/login","status_code":200,"time":"2022-09-11 00:22:27"}
{"client_ip":"::1","latency_time":41652300,"level":"info","msg":"","req_method":"POST","req_uri":"/login","status_code":200,"time":"2022-09-11 00:22:42"}
{"client_ip":"::1","latency_time":38811100,"level":"info","msg":"","req_method":"POST","req_uri":"/login","status_code":200,"time":"2022-09-11 00:23:09"}
{"client_ip":"::1","latency_time":48987500,"level":"info","msg":"","req_method":"POST","req_uri":"/login","status_code":200,"time":"2022-09-11 00:23:57"}
{"client_ip":"::1","latency_time":1515300,"level":"info","msg":"","req_method":"POST","req_uri":"/login","status_code":200,"time":"2022-09-11 00:23:59"}
{"client_ip":"::1","latency_time":42026000,"level":"info","msg":"","req_method":"POST","req_uri":"/login","status_code":200,"time":"2022-09-11 00:24:06"}
{"client_ip":"::1","latency_time":3685000,"level":"info","msg":"","req_method":"POST","req_uri":"/login","status_code":200,"time":"2022-09-11 00:24:21"}
{"client_ip":"::1","latency_time":1222800,"level":"info","msg":"","req_method":"POST","req_uri":"/login","status_code":200,"time":"2022-09-11 00:24:22"}
{"client_ip":"::1","latency_time":1069600,"level":"info","msg":"","req_method":"POST","req_uri":"/login","status_code":200,"time":"2022-09-11 00:24:23"}
{"client_ip":"::1","latency_time":1517800,"level":"info","msg":"","req_method":"POST","req_uri":"/login","status_code":200,"time":"2022-09-11 00:24:23"}
{"client_ip":"::1","latency_time":1475900,"level":"info","msg":"","req_method":"POST","req_uri":"/login","status_code":200,"time":"2022-09-11 00:24:24"}
{"client_ip":"::1","latency_time":6775000,"level":"info","msg":"","req_method":"POST","req_uri":"/login","status_code":200,"time":"2022-09-11 00:25:02"}
{"client_ip":"::1","latency_time":1060700,"level":"info","msg":"","req_method":"POST","req_uri":"/login","status_code":200,"time":"2022-09-11 00:26:04"}
{"client_ip":"::1","latency_time":39337300,"level":"info","msg":"","req_method":"POST","req_uri":"/login","status_code":200,"time":"2022-09-11 00:26:05"}
{"client_ip":"::1","latency_time":27988614900,"level":"info","msg":"","req_method":"POST","req_uri":"/login","status_code":200,"time":"2022-09-11 00:27:01"}
{"client_ip":"::1","latency_time":1079200,"level":"info","msg":"","req_method":"POST","req_uri":"/login","status_code":200,"time":"2022-09-11 00:29:50"}
{"client_ip":"::1","latency_time":982700,"level":"info","msg":"","req_method":"POST","req_uri":"/login","status_code":200,"time":"2022-09-11 00:30:34"}
{"client_ip":"::1","latency_time":998100,"level":"info","msg":"","req_method":"POST","req_uri":"/login","status_code":200,"time":"2022-09-11 00:30:35"}
{"client_ip":"::1","latency_time":1406800,"level":"info","msg":"","req_method":"POST","req_uri":"/login","status_code":200,"time":"2022-09-11 00:34:30"}
{"client_ip":"::1","latency_time":1468200,"level":"info","msg":"","req_method":"POST","req_uri":"/login","status_code":200,"time":"2022-09-11 00:34:31"}
{"client_ip":"::1","latency_time":1359800,"level":"info","msg":"","req_method":"POST","req_uri":"/login","status_code":200,"time":"2022-09-11 00:34:58"}
{"client_ip":"::1","latency_time":1549800,"level":"info","msg":"","req_method":"POST","req_uri":"/login","status_code":200,"time":"2022-09-11 00:35:41"}
{"client_ip":"::1","latency_time":1393600,"level":"info","msg":"","req_method":"POST","req_uri":"/login","status_code":200,"time":"2022-09-11 00:35:42"}
{"client_ip":"::1","latency_time":1061100,"level":"info","msg":"","req_method":"POST","req_uri":"/login","status_code":200,"time":"2022-09-11 00:35:43"}
{"client_ip":"::1","latency_time":880100,"level":"info","msg":"","req_method":"POST","req_uri":"/login","status_code":200,"time":"2022-09-11 00:35:44"}
{"client_ip":"::1","latency_time":882300,"level":"info","msg":"","req_method":"POST","req_uri":"/login","status_code":200,"time":"2022-09-11 00:36:37"}
{"client_ip":"::1","latency_time":2398500,"level":"info","msg":"","req_method":"POST","req_uri":"/login","status_code":200,"time":"2022-09-11 00:36:42"}
{"client_ip":"::1","latency_time":1047900,"level":"info","msg":"","req_method":"POST","req_uri":"/login","status_code":200,"time":"2022-09-11 00:36:43"}
{"client_ip":"::1","latency_time":1186700,"level":"info","msg":"","req_method":"POST","req_uri":"/login","status_code":200,"time":"2022-09-11 00:38:33"}
{"client_ip":"::1","latency_time":1584300,"level":"info","msg":"","req_method":"POST","req_uri":"/login","status_code":200,"time":"2022-09-11 00:39:32"}
{"client_ip":"::1","latency_time":872400,"level":"info","msg":"","req_method":"POST","req_uri":"/login","status_code":200,"time":"2022-09-11 00:39:33"}
{"client_ip":"::1","latency_time":611300,"level":"info","msg":"","req_method":"POST","req_uri":"/login","status_code":200,"time":"2022-09-11 00:39:33"}
{"client_ip":"::1","latency_time":1048200,"level":"info","msg":"","req_method":"POST","req_uri":"/login","status_code":200,"time":"2022-09-11 00:39:34"}
{"client_ip":"::1","latency_time":584300,"level":"info","msg":"","req_method":"POST","req_uri":"/login","status_code":200,"time":"2022-09-11 00:39:35"}
{"client_ip":"::1","latency_time":1922000,"level":"info","msg":"","req_method":"POST","req_uri":"/login","status_code":200,"time":"2022-09-11 00:39:47"}
{"client_ip":"::1","latency_time":1125300,"level":"info","msg":"","req_method":"POST","req_uri":"/login","status_code":200,"time":"2022-09-11 00:40:13"}
{"client_ip":"::1","latency_time":1194700,"level":"info","msg":"","req_method":"POST","req_uri":"/login","status_code":200,"time":"2022-09-11 00:40:15"}
{"client_ip":"::1","latency_time":1729300,"level":"info","msg":"","req_method":"POST","req_uri":"/login","status_code":200,"time":"2022-09-11 00:40:30"}
{"client_ip":"::1","latency_time":1330100,"level":"info","msg":"","req_method":"POST","req_uri":"/login","status_code":200,"time":"2022-09-11 00:40:31"}
{"client_ip":"::1","latency_time":1339200,"level":"info","msg":"","req_method":"POST","req_uri":"/login","status_code":200,"time":"2022-09-11 00:40:32"}
{"client_ip":"::1","latency_time":1454500,"level":"info","msg":"","req_method":"POST","req_uri":"/login","status_code":200,"time":"2022-09-11 00:40:32"}
{"client_ip":"::1","latency_time":1707100,"level":"info","msg":"","req_method":"POST","req_uri":"/login","status_code":200,"time":"2022-09-11 00:40:32"}
{"client_ip":"::1","latency_time":664200,"level":"info","msg":"","req_method":"POST","req_uri":"/login","status_code":200,"time":"2022-09-11 00:40:43"}
{"client_ip":"::1","latency_time":1400200,"level":"info","msg":"","req_method":"POST","req_uri":"/login","status_code":200,"time":"2022-09-11 00:40:44"}
{"client_ip":"::1","latency_time":1127500,"level":"info","msg":"","req_method":"POST","req_uri":"/login","status_code":200,"time":"2022-09-11 00:40:50"}
{"client_ip":"::1","latency_time":849200,"level":"info","msg":"","req_method":"POST","req_uri":"/login","status_code":200,"time":"2022-09-11 00:40:51"}
{"client_ip":"::1","latency_time":1216300,"level":"info","msg":"","req_method":"POST","req_uri":"/login","status_code":200,"time":"2022-09-11 00:41:04"}
{"client_ip":"::1","latency_time":1685800,"level":"info","msg":"","req_method":"POST","req_uri":"/login","status_code":200,"time":"2022-09-11 00:41:31"}
{"client_ip":"::1","latency_time":968800,"level":"info","msg":"","req_method":"POST","req_uri":"/login","status_code":200,"time":"2022-09-11 00:42:26"}
{"client_ip":"::1","latency_time":1322100,"level":"info","msg":"","req_method":"POST","req_uri":"/login","status_code":200,"time":"2022-09-11 00:42:43"}
{"client_ip":"::1","latency_time":246600,"level":"info","msg":"","req_method":"POST","req_uri":"/login","status_code":200,"time":"2022-09-11 00:43:53"}
{"client_ip":"::1","latency_time":0,"level":"info","msg":"","req_method":"GET","req_uri":"/connection","status_code":404,"time":"2022-09-11 00:50:00"}
{"client_ip":"::1","latency_time":0,"level":"info","msg":"","req_method":"GET","req_uri":"/connection","status_code":404,"time":"2022-09-11 00:50:12"}
{"client_ip":"::1","latency_time":0,"level":"info","msg":"","req_method":"POST","req_uri":"/connection","status_code":404,"time":"2022-09-11 00:50:17"}
{"client_ip":"::1","latency_time":252800,"level":"info","msg":"","req_method":"POST","req_uri":"/connection","status_code":200,"time":"2022-09-11 00:50:58"}
{"client_ip":"::1","latency_time":0,"level":"info","msg":"","req_method":"GET","req_uri":"/connection","status_code":200,"time":"2022-09-11 00:51:04"}
{"client_ip":"::1","latency_time":503900,"level":"info","msg":"","req_method":"POST","req_uri":"/connection","status_code":200,"time":"2022-09-11 01:07:38"}
{"client_ip":"::1","latency_time":653100,"level":"info","msg":"","req_method":"POST","req_uri":"/connection","status_code":200,"time":"2022-09-11 01:10:45"}
{"client_ip":"::1","latency_time":340800,"level":"info","msg":"","req_method":"POST","req_uri":"/connection","status_code":200,"time":"2022-09-11 01:11:15"}
{"client_ip":"::1","latency_time":0,"level":"info","msg":"","req_method":"POST","req_uri":"/connection","status_code":200,"time":"2022-09-11 01:11:18"}
{"client_ip":"::1","latency_time":0,"level":"info","msg":"","req_method":"POST","req_uri":"/connection","status_code":200,"time":"2022-09-11 01:11:18"}
{"client_ip":"::1","latency_time":2305100,"level":"info","msg":"","req_method":"POST","req_uri":"/login","status_code":200,"time":"2022-09-11 01:11:23"}
{"client_ip":"::1","latency_time":268400,"level":"info","msg":"","req_method":"POST","req_uri":"/connection","status_code":200,"time":"2022-09-11 01:11:33"}
{"client_ip":"::1","latency_time":623800,"level":"info","msg":"","req_method":"POST","req_uri":"/connection","status_code":200,"time":"2022-09-11 01:15:13"}
{"client_ip":"::1","latency_time":984800,"level":"info","msg":"","req_method":"POST","req_uri":"/connection","status_code":200,"time":"2022-09-11 01:15:15"}
{"client_ip":"::1","latency_time":0,"level":"info","msg":"","req_method":"POST","req_uri":"/connection","status_code":200,"time":"2022-09-11 01:15:16"}
{"client_ip":"::1","latency_time":720700,"level":"info","msg":"","req_method":"POST","req_uri":"/connection","status_code":200,"time":"2022-09-11 01:15:16"}
{"client_ip":"::1","latency_time":0,"level":"info","msg":"","req_method":"POST","req_uri":"/connection","status_code":200,"time":"2022-09-11 01:15:17"}
{"client_ip":"::1","latency_time":0,"level":"info","msg":"","req_method":"POST","req_uri":"/connection","status_code":200,"time":"2022-09-11 01:15:18"}
{"client_ip":"::1","latency_time":393000,"level":"info","msg":"","req_method":"POST","req_uri":"/connection","status_code":200,"time":"2022-09-11 01:15:18"}
{"client_ip":"::1","latency_time":284700,"level":"info","msg":"","req_method":"POST","req_uri":"/connection","status_code":200,"time":"2022-09-11 01:15:20"}
{"client_ip":"::1","latency_time":0,"level":"info","msg":"","req_method":"POST","req_uri":"/connection","status_code":200,"time":"2022-09-11 01:15:20"}
{"client_ip":"::1","latency_time":1127500,"level":"info","msg":"","req_method":"POST","req_uri":"/connection","status_code":200,"time":"2022-09-11 01:15:21"}
{"client_ip":"::1","latency_time":568300,"level":"info","msg":"","req_method":"POST","req_uri":"/connection","status_code":200,"time":"2022-09-11 01:15:21"}
{"client_ip":"::1","latency_time":0,"level":"info","msg":"","req_method":"POST","req_uri":"/connection","status_code":200,"time":"2022-09-11 01:15:22"}
{"client_ip":"::1","latency_time":1035500,"level":"info","msg":"","req_method":"POST","req_uri":"/connection","status_code":200,"time":"2022-09-11 01:15:22"}
{"client_ip":"::1","latency_time":1014100,"level":"info","msg":"","req_method":"POST","req_uri":"/connection","status_code":200,"time":"2022-09-11 01:15:23"}
{"client_ip":"::1","latency_time":852200,"level":"info","msg":"","req_method":"POST","req_uri":"/connection","status_code":200,"time":"2022-09-11 01:15:24"}
{"client_ip":"::1","latency_time":369800,"level":"info","msg":"","req_method":"POST","req_uri":"/connection","status_code":200,"time":"2022-09-11 01:15:25"}
{"client_ip":"::1","latency_time":0,"level":"info","msg":"","req_method":"POST","req_uri":"/connection","status_code":200,"time":"2022-09-11 01:15:26"}
{"client_ip":"::1","latency_time":0,"level":"info","msg":"","req_method":"POST","req_uri":"/connection","status_code":200,"time":"2022-09-11 01:15:26"}
{"client_ip":"::1","latency_time":0,"level":"info","msg":"","req_method":"POST","req_uri":"/connection","status_code":200,"time":"2022-09-11 01:15:27"}
{"client_ip":"::1","latency_time":608000,"level":"info","msg":"","req_method":"POST","req_uri":"/connection","status_code":200,"time":"2022-09-11 01:15:27"}
{"client_ip":"::1","latency_time":304400,"level":"info","msg":"","req_method":"POST","req_uri":"/connection","status_code":200,"time":"2022-09-11 01:15:27"}
{"client_ip":"::1","latency_time":430800,"level":"info","msg":"","req_method":"POST","req_uri":"/connection","status_code":200,"time":"2022-09-11 01:15:32"}
{"client_ip":"::1","latency_time":1038500,"level":"info","msg":"","req_method":"POST","req_uri":"/connection","status_code":200,"time":"2022-09-11 01:15:36"}
{"client_ip":"::1","latency_time":0,"level":"info","msg":"","req_method":"POST","req_uri":"/connection","status_code":200,"time":"2022-09-11 01:15:37"}
{"client_ip":"::1","latency_time":0,"level":"info","msg":"","req_method":"POST","req_uri":"/connection","status_code":200,"time":"2022-09-11 01:15:37"}
{"client_ip":"::1","latency_time":624500,"level":"info","msg":"","req_method":"POST","req_uri":"/connection","status_code":200,"time":"2022-09-11 01:15:38"}
{"client_ip":"::1","latency_time":664400,"level":"info","msg":"","req_method":"POST","req_uri":"/connection","status_code":200,"time":"2022-09-11 01:15:38"}
{"client_ip":"::1","latency_time":1001500,"level":"info","msg":"","req_method":"POST","req_uri":"/connection","status_code":200,"time":"2022-09-11 01:15:52"}
{"client_ip":"::1","latency_time":549100,"level":"info","msg":"","req_method":"POST","req_uri":"/connection","status_code":200,"time":"2022-09-11 01:15:52"}
{"client_ip":"::1","latency_time":151500,"level":"info","msg":"","req_method":"POST","req_uri":"/connection","status_code":200,"time":"2022-09-11 01:15:53"}
{"client_ip":"::1","latency_time":222400,"level":"info","msg":"","req_method":"POST","req_uri":"/connection","status_code":200,"time":"2022-09-11 01:15:54"}
{"client_ip":"::1","latency_time":483700,"level":"info","msg":"","req_method":"POST","req_uri":"/connection","status_code":200,"time":"2022-09-11 01:15:55"}
{"client_ip":"::1","latency_time":754400,"level":"info","msg":"","req_method":"POST","req_uri":"/connection","status_code":200,"time":"2022-09-11 01:16:00"}
{"client_ip":"::1","latency_time":426200,"level":"info","msg":"","req_method":"POST","req_uri":"/connection","status_code":200,"time":"2022-09-11 01:16:01"}
{"client_ip":"::1","latency_time":52800,"level":"info","msg":"","req_method":"POST","req_uri":"/connection","status_code":200,"time":"2022-09-11 01:16:03"}
{"client_ip":"::1","latency_time":396400,"level":"info","msg":"","req_method":"POST","req_uri":"/connection","status_code":200,"time":"2022-09-11 01:16:05"}
{"client_ip":"::1","latency_time":855900,"level":"info","msg":"","req_method":"POST","req_uri":"/connection","status_code":200,"time":"2022-09-11 01:16:06"}
{"client_ip":"::1","latency_time":0,"level":"info","msg":"","req_method":"POST","req_uri":"/connection","status_code":200,"time":"2022-09-11 01:16:07"}
{"client_ip":"::1","latency_time":398700,"level":"info","msg":"","req_method":"POST","req_uri":"/connection","status_code":200,"time":"2022-09-11 01:16:46"}
{"client_ip":"::1","latency_time":57400,"level":"info","msg":"","req_method":"POST","req_uri":"/connection","status_code":200,"time":"2022-09-11 01:16:46"}
{"client_ip":"::1","latency_time":140200,"level":"info","msg":"","req_method":"POST","req_uri":"/connection","status_code":200,"time":"2022-09-11 01:16:47"}
{"client_ip":"::1","latency_time":0,"level":"info","msg":"","req_method":"POST","req_uri":"/connection","status_code":200,"time":"2022-09-11 01:16:48"}
{"client_ip":"::1","latency_time":519300,"level":"info","msg":"","req_method":"POST","req_uri":"/connection","status_code":200,"time":"2022-09-11 01:16:49"}
{"client_ip":"::1","latency_time":0,"level":"info","msg":"","req_method":"POST","req_uri":"/connection","status_code":200,"time":"2022-09-11 01:16:49"}
{"client_ip":"::1","latency_time":0,"level":"info","msg":"","req_method":"POST","req_uri":"/connection","status_code":200,"time":"2022-09-11 01:16:50"}
{"client_ip":"::1","latency_time":0,"level":"info","msg":"","req_method":"POST","req_uri":"/connection","status_code":200,"time":"2022-09-11 01:16:50"}
{"client_ip":"::1","latency_time":41293600,"level":"info","msg":"","req_method":"POST","req_uri":"/login","status_code":200,"time":"2022-09-11 01:16:54"}
{"client_ip":"::1","latency_time":2497700,"level":"info","msg":"","req_method":"POST","req_uri":"/login","status_code":200,"time":"2022-09-11 01:16:55"}
{"client_ip":"::1","latency_time":820200,"level":"info","msg":"","req_method":"POST","req_uri":"/connection","status_code":200,"time":"2022-09-11 01:17:08"}
{"client_ip":"::1","latency_time":268300,"level":"info","msg":"","req_method":"POST","req_uri":"/connection","status_code":200,"time":"2022-09-11 01:17:09"}
{"client_ip":"::1","latency_time":0,"level":"info","msg":"","req_method":"POST","req_uri":"/connection","status_code":200,"time":"2022-09-11 01:17:10"}
{"client_ip":"::1","latency_time":0,"level":"info","msg":"","req_method":"POST","req_uri":"/connection","status_code":200,"time":"2022-09-11 01:17:11"}
{"client_ip":"::1","latency_time":414600,"level":"info","msg":"","req_method":"POST","req_uri":"/connection","status_code":200,"time":"2022-09-11 01:18:05"}
{"client_ip":"::1","latency_time":40100,"level":"info","msg":"","req_method":"POST","req_uri":"/connection","status_code":200,"time":"2022-09-11 01:18:06"}
{"client_ip":"::1","latency_time":808800,"level":"info","msg":"","req_method":"POST","req_uri":"/connection","status_code":200,"time":"2022-09-11 01:18:15"}
{"client_ip":"::1","latency_time":0,"level":"info","msg":"","req_method":"POST","req_uri":"/connection","status_code":200,"time":"2022-09-11 01:18:16"}
{"client_ip":"::1","latency_time":78000800,"level":"info","msg":"","req_method":"POST","req_uri":"/login","status_code":200,"time":"2022-09-11 01:18:35"}
{"client_ip":"::1","latency_time":0,"level":"info","msg":"","req_method":"POST","req_uri":"/connection","status_code":200,"time":"2022-09-11 01:18:49"}
{"client_ip":"::1","latency_time":611600,"level":"info","msg":"","req_method":"POST","req_uri":"/connection","status_code":200,"time":"2022-09-11 01:18:54"}
{"client_ip":"::1","latency_time":63500,"level":"info","msg":"","req_method":"POST","req_uri":"/connection","status_code":200,"time":"2022-09-11 01:18:55"}
{"client_ip":"::1","latency_time":898700,"level":"info","msg":"","req_method":"POST","req_uri":"/connection","status_code":200,"time":"2022-09-11 01:19:00"}
{"client_ip":"::1","latency_time":0,"level":"info","msg":"","req_method":"POST","req_uri":"/connection","status_code":200,"time":"2022-09-11 01:19:18"}
{"client_ip":"::1","latency_time":122600,"level":"info","msg":"","req_method":"POST","req_uri":"/connection","status_code":200,"time":"2022-09-11 01:19:19"}
{"client_ip":"::1","latency_time":0,"level":"info","msg":"","req_method":"POST","req_uri":"/connection","status_code":200,"time":"2022-09-11 01:19:19"}
{"client_ip":"::1","latency_time":0,"level":"info","msg":"","req_method":"POST","req_uri":"/connection","status_code":200,"time":"2022-09-11 01:19:20"}
{"client_ip":"::1","latency_time":0,"level":"info","msg":"","req_method":"POST","req_uri":"/connection","status_code":200,"time":"2022-09-11 01:19:22"}
{"client_ip":"::1","latency_time":511600,"level":"info","msg":"","req_method":"POST","req_uri":"/connection","status_code":200,"time":"2022-09-11 01:19:46"}
{"client_ip":"::1","latency_time":0,"level":"info","msg":"","req_method":"POST","req_uri":"/connection","status_code":200,"time":"2022-09-11 01:19:48"}
{"client_ip":"::1","latency_time":83224400,"level":"info","msg":"","req_method":"POST","req_uri":"/login","status_code":200,"time":"2022-09-11 01:19:57"}
{"client_ip":"::1","latency_time":527100,"level":"info","msg":"","req_method":"POST","req_uri":"/connection","status_code":200,"time":"2022-09-11 01:20:06"}
{"client_ip":"::1","latency_time":59600,"level":"info","msg":"","req_method":"POST","req_uri":"/connection","status_code":200,"time":"2022-09-11 01:20:08"}
{"client_ip":"::1","latency_time":0,"level":"info","msg":"","req_method":"POST","req_uri":"/connection","status_code":200,"time":"2022-09-11 01:20:08"}
{"client_ip":"::1","latency_time":316600,"level":"info","msg":"","req_method":"POST","req_uri":"/connection","status_code":200,"time":"2022-09-11 01:20:09"}
{"client_ip":"::1","latency_time":1016700,"level":"info","msg":"","req_method":"POST","req_uri":"/connection","status_code":200,"time":"2022-09-11 01:20:09"}
{"client_ip":"::1","latency_time":0,"level":"info","msg":"","req_method":"POST","req_uri":"/connection","status_code":200,"time":"2022-09-11 01:20:10"}
{"client_ip":"::1","latency_time":0,"level":"info","msg":"","req_method":"POST","req_uri":"/connection","status_code":200,"time":"2022-09-11 01:20:10"}
{"client_ip":"::1","latency_time":748200,"level":"info","msg":"","req_method":"POST","req_uri":"/connection","status_code":200,"time":"2022-09-11 01:20:57"}
{"client_ip":"::1","latency_time":0,"level":"info","msg":"","req_method":"POST","req_uri":"/connection","status_code":200,"time":"2022-09-11 01:20:58"}
{"client_ip":"::1","latency_time":240700,"level":"info","msg":"","req_method":"POST","req_uri":"/connection","status_code":200,"time":"2022-09-11 01:21:20"}
{"client_ip":"::1","latency_time":695100,"level":"info","msg":"","req_method":"POST","req_uri":"/connection","status_code":200,"time":"2022-09-11 01:21:21"}
{"client_ip":"::1","latency_time":76415000,"level":"info","msg":"","req_method":"POST","req_uri":"/login","status_code":200,"time":"2022-09-11 01:21:24"}
{"client_ip":"::1","latency_time":705000,"level":"info","msg":"","req_method":"POST","req_uri":"/connection","status_code":200,"time":"2022-09-11 01:21:37"}
{"client_ip":"::1","latency_time":0,"level":"info","msg":"","req_method":"POST","req_uri":"/connection","status_code":200,"time":"2022-09-11 01:21:38"}
{"client_ip":"::1","latency_time":1004800,"level":"info","msg":"","req_method":"POST","req_uri":"/connection","status_code":200,"time":"2022-09-11 01:21:39"}
{"client_ip":"::1","latency_time":543400,"level":"info","msg":"","req_method":"POST","req_uri":"/connection","status_code":200,"time":"2022-09-11 01:22:01"}
{"client_ip":"::1","latency_time":632100,"level":"info","msg":"","req_method":"POST","req_uri":"/connection","status_code":200,"time":"2022-09-11 01:30:11"}
{"client_ip":"::1","latency_time":887200,"level":"info","msg":"","req_method":"POST","req_uri":"/connection","status_code":200,"time":"2022-09-11 01:30:14"}
{"client_ip":"::1","latency_time":391700,"level":"info","msg":"","req_method":"POST","req_uri":"/connection","status_code":200,"time":"2022-09-11 01:31:12"}
{"client_ip":"::1","latency_time":3058000,"level":"info","msg":"","req_method":"POST","req_uri":"/login","status_code":200,"time":"2022-09-11 01:31:16"}
{"client_ip":"::1","latency_time":0,"level":"info","msg":"","req_method":"POST","req_uri":"/connection","status_code":200,"time":"2022-09-11 01:31:30"}
{"client_ip":"::1","latency_time":733400,"level":"info","msg":"","req_method":"POST","req_uri":"/connection","status_code":200,"time":"2022-09-11 01:31:31"}
{"client_ip":"::1","latency_time":0,"level":"info","msg":"","req_method":"POST","req_uri":"/connection","status_code":200,"time":"2022-09-11 01:31:32"}
{"client_ip":"::1","latency_time":522100,"level":"info","msg":"","req_method":"POST","req_uri":"/connection","status_code":200,"time":"2022-09-11 01:31:35"}
{"client_ip":"::1","latency_time":0,"level":"info","msg":"","req_method":"POST","req_uri":"/connection","status_code":200,"time":"2022-09-11 01:32:16"}
{"client_ip":"::1","latency_time":392800,"level":"info","msg":"","req_method":"POST","req_uri":"/connection","status_code":200,"time":"2022-09-11 01:32:25"}
{"client_ip":"::1","latency_time":916500,"level":"info","msg":"","req_method":"POST","req_uri":"/connection","status_code":200,"time":"2022-09-11 01:32:27"}
{"client_ip":"::1","latency_time":94035200,"level":"info","msg":"","req_method":"POST","req_uri":"/login","status_code":200,"time":"2022-09-11 01:32:30"}
{"client_ip":"::1","latency_time":0,"level":"info","msg":"","req_method":"POST","req_uri":"/connection","status_code":200,"time":"2022-09-11 01:32:38"}
{"client_ip":"::1","latency_time":863400,"level":"info","msg":"","req_method":"POST","req_uri":"/connection","status_code":200,"time":"2022-09-11 01:32:46"}
{"client_ip":"::1","latency_time":0,"level":"info","msg":"","req_method":"POST","req_uri":"/connection","status_code":200,"time":"2022-09-11 01:32:50"}
{"client_ip":"::1","latency_time":749900,"level":"info","msg":"","req_method":"POST","req_uri":"/connection","status_code":200,"time":"2022-09-11 01:37:04"}
{"client_ip":"::1","latency_time":0,"level":"info","msg":"","req_method":"POST","req_uri":"/connection","status_code":200,"time":"2022-09-11 01:37:06"}
{"client_ip":"::1","latency_time":2192300,"level":"info","msg":"","req_method":"POST","req_uri":"/login","status_code":200,"time":"2022-09-11 01:37:12"}
{"client_ip":"::1","latency_time":272686600,"level":"info","msg":"","req_method":"POST","req_uri":"/login","status_code":200,"time":"2022-09-11 01:37:15"}
{"client_ip":"::1","latency_time":1157000,"level":"info","msg":"","req_method":"POST","req_uri":"/connection","status_code":200,"time":"2022-09-11 01:37:32"}
{"client_ip":"::1","latency_time":0,"level":"info","msg":"","req_method":"GET","req_uri":"/connection","status_code":200,"time":"2022-09-11 01:37:38"}
{"client_ip":"::1","latency_time":0,"level":"info","msg":"","req_method":"GET","req_uri":"/connection","status_code":200,"time":"2022-09-11 01:37:39"}
{"client_ip":"::1","latency_time":1002300,"level":"info","msg":"","req_method":"GET","req_uri":"/connection","status_code":200,"time":"2022-09-11 01:37:39"}
{"client_ip":"::1","latency_time":0,"level":"info","msg":"","req_method":"POST","req_uri":"/connection","status_code":200,"time":"2022-09-11 01:37:43"}
{"client_ip":"::1","latency_time":15439200,"level":"info","msg":"","req_method":"POST","req_uri":"/login","status_code":200,"time":"2022-09-11 01:44:01"}
{"client_ip":"::1","latency_time":0,"level":"info","msg":"","req_method":"POST","req_uri":"/connection","status_code":404,"time":"2022-09-11 01:44:10"}
{"client_ip":"::1","latency_time":800500,"level":"info","msg":"","req_method":"POST","req_uri":"/v1/connection","status_code":200,"time":"2022-09-11 01:44:19"}
{"client_ip":"::1","latency_time":0,"level":"info","msg":"","req_method":"GET","req_uri":"/v1/connection","status_code":200,"time":"2022-09-11 01:44:25"}
{"client_ip":"::1","latency_time":373600,"level":"info","msg":"","req_method":"GET","req_uri":"/v1/connection","status_code":200,"time":"2022-09-11 01:44:28"}
{"client_ip":"::1","latency_time":166400,"level":"info","msg":"","req_method":"GET","req_uri":"/v1/connection","status_code":200,"time":"2022-09-11 01:44:32"}
{"client_ip":"::1","latency_time":0,"level":"info","msg":"","req_method":"GET","req_uri":"/v1/connection","status_code":200,"time":"2022-09-11 15:22:23"}
{"client_ip":"::1","latency_time":136663200,"level":"info","msg":"","req_method":"POST","req_uri":"/login","status_code":200,"time":"2022-09-11 15:22:33"}
{"client_ip":"::1","latency_time":449200,"level":"info","msg":"","req_method":"GET","req_uri":"/v1/connection","status_code":200,"time":"2022-09-11 15:22:46"}
{"client_ip":"::1","latency_time":618000,"level":"info","msg":"","req_method":"GET","req_uri":"/v1/connection","status_code":200,"time":"2022-09-11 16:10:20"}
{"client_ip":"::1","latency_time":44338700,"level":"info","msg":"","req_method":"POST","req_uri":"/login","status_code":200,"time":"2022-09-11 16:50:15"}
{"client_ip":"::1","latency_time":1813100,"level":"info","msg":"","req_method":"POST","req_uri":"/login","status_code":200,"time":"2022-09-11 16:50:16"}
{"client_ip":"::1","latency_time":885300,"level":"info","msg":"","req_method":"GET","req_uri":"/v1/connection","status_code":200,"time":"2022-09-11 16:50:25"}
{"client_ip":"::1","latency_time":80000,"level":"info","msg":"","req_method":"GET","req_uri":"/v1/connection","status_code":200,"time":"2022-09-11 16:50:26"}
{"client_ip":"::1","latency_time":0,"level":"info","msg":"","req_method":"GET","req_uri":"/v1/connection","status_code":200,"time":"2022-09-11 16:50:29"}
{"client_ip":"::1","latency_time":0,"level":"info","msg":"","req_method":"PUT","req_uri":"/v1/CreatArticle","status_code":404,"time":"2022-09-11 16:51:18"}
{"client_ip":"::1","latency_time":0,"level":"info","msg":"","req_method":"PUT","req_uri":"/v1/publish","status_code":200,"time":"2022-09-11 16:51:31"}
{"client_ip":"::1","latency_time":527600,"level":"info","msg":"","req_method":"GET","req_uri":"/v1/connection","status_code":200,"time":"2022-09-11 16:54:11"}
{"client_ip":"::1","latency_time":0,"level":"info","msg":"","req_method":"GET","req_uri":"/v1/connection","status_code":200,"time":"2022-09-11 16:54:12"}
{"client_ip":"::1","latency_time":958800,"level":"info","msg":"","req_method":"PUT","req_uri":"/v1/publish","status_code":200,"time":"2022-09-11 16:54:14"}
{"client_ip":"::1","latency_time":817400,"level":"info","msg":"","req_method":"PUT","req_uri":"/v1/publish","status_code":200,"time":"2022-09-11 16:54:16"}
{"client_ip":"::1","latency_time":711100,"level":"info","msg":"","req_method":"PUT","req_uri":"/v1/publish","status_code":200,"time":"2022-09-11 16:55:37"}
{"client_ip":"::1","latency_time":0,"level":"info","msg":"","req_method":"PUT","req_uri":"/v1/publish","status_code":200,"time":"2022-09-11 16:55:38"}
{"client_ip":"::1","latency_time":788900,"level":"info","msg":"","req_method":"GET","req_uri":"/v1/connection","status_code":200,"time":"2022-09-11 16:55:42"}
{"client_ip":"::1","latency_time":155100,"level":"info","msg":"","req_method":"PUT","req_uri":"/v1/publish","status_code":200,"time":"2022-09-11 16:56:20"}
{"client_ip":"::1","latency_time":190900,"level":"info","msg":"","req_method":"PUT","req_uri":"/v1/publish","status_code":200,"time":"2022-09-11 16:56:33"}
{"client_ip":"::1","latency_time":937900,"level":"info","msg":"","req_method":"PUT","req_uri":"/v1/publish","status_code":200,"time":"2022-09-11 16:56:43"}
{"client_ip":"::1","latency_time":536400,"level":"info","msg":"","req_method":"PUT","req_uri":"/v1/publish","status_code":200,"time":"2022-09-11 16:56:45"}
{"client_ip":"::1","latency_time":834800,"level":"info","msg":"","req_method":"PUT","req_uri":"/v1/publish","status_code":200,"time":"2022-09-11 16:56:46"}
{"client_ip":"::1","latency_time":607100,"level":"info","msg":"","req_method":"PUT","req_uri":"/v1/publish","status_code":200,"time":"2022-09-11 16:56:47"}
{"client_ip":"::1","latency_time":740300,"level":"info","msg":"","req_method":"PUT","req_uri":"/v1/publish","status_code":200,"time":"2022-09-11 16:59:44"}
{"client_ip":"::1","latency_time":833100,"level":"info","msg":"","req_method":"PUT","req_uri":"/v1/publish","status_code":200,"time":"2022-09-11 16:59:46"}
{"client_ip":"::1","latency_time":279000,"level":"info","msg":"","req_method":"PUT","req_uri":"/v1/publish","status_code":200,"time":"2022-09-11 17:00:02"}
{"client_ip":"::1","latency_time":742500,"level":"info","msg":"","req_method":"PUT","req_uri":"/v1/publish","status_code":200,"time":"2022-09-11 17:00:07"}
{"client_ip":"::1","latency_time":615300,"level":"info","msg":"","req_method":"PUT","req_uri":"/v1/publish","status_code":200,"time":"2022-09-11 17:00:31"}
{"client_ip":"::1","latency_time":674200,"level":"info","msg":"","req_method":"PUT","req_uri":"/v1/publish","status_code":200,"time":"2022-09-11 17:00:41"}
{"client_ip":"::1","latency_time":516000,"level":"info","msg":"","req_method":"PUT","req_uri":"/v1/publish","status_code":200,"time":"2022-09-11 17:07:42"}
{"client_ip":"::1","latency_time":103925300,"level":"info","msg":"","req_method":"PUT","req_uri":"/v1/publish","status_code":200,"time":"2022-09-11 17:08:09"}
{"client_ip":"::1","latency_time":164919700,"level":"info","msg":"","req_method":"PUT","req_uri":"/v1/publish","status_code":200,"time":"2022-09-11 17:13:55"}
{"client_ip":"::1","latency_time":276766500,"level":"info","msg":"","req_method":"GET","req_uri":"/v1/articleList","status_code":200,"time":"2022-09-11 17:27:08"}
{"client_ip":"::1","latency_time":833900,"level":"info","msg":"","req_method":"GET","req_uri":"/v1/articleList?page=1\u0026pageSize=1","status_code":200,"time":"2022-09-11 17:27:53"}
{"client_ip":"::1","latency_time":602500,"level":"info","msg":"","req_method":"GET","req_uri":"/v1/articleList?page=1\u0026pageSize=1","status_code":200,"time":"2022-09-11 17:30:10"}
{"client_ip":"::1","latency_time":709800,"level":"info","msg":"","req_method":"GET","req_uri":"/v1/articleList?page=1\u0026pageSize=2","status_code":200,"time":"2022-09-11 17:31:04"}
{"client_ip":"::1","latency_time":952100,"level":"info","msg":"","req_method":"GET","req_uri":"/v1/articleList?page=2\u0026pageSize=2","status_code":200,"time":"2022-09-11 17:31:19"}
{"client_ip":"::1","latency_time":878400,"level":"info","msg":"","req_method":"GET","req_uri":"/v1/articleList?page=1\u0026pageSize=2","status_code":200,"time":"2022-09-11 17:31:27"}
{"client_ip":"::1","latency_time":462200,"level":"info","msg":"","req_method":"GET","req_uri":"/v1/articleList?page=0\u0026pageSize=2","status_code":200,"time":"2022-09-11 17:31:37"}
{"client_ip":"::1","latency_time":1045200,"level":"info","msg":"","req_method":"GET","req_uri":"/v1/articleList?page=0\u0026pageSize=2","status_code":200,"time":"2022-09-11 17:42:23"}
{"client_ip":"::1","latency_time":826900,"level":"info","msg":"","req_method":"GET","req_uri":"/v1/articleList?page=1\u0026pageSize=2","status_code":200,"time":"2022-09-11 17:42:29"}
{"client_ip":"::1","latency_time":282800,"level":"info","msg":"","req_method":"GET","req_uri":"/v1/articleList?page=2\u0026pageSize=2","status_code":200,"time":"2022-09-11 17:42:41"}
{"client_ip":"::1","latency_time":10247300,"level":"info","msg":"","req_method":"GET","req_uri":"/v1/articleList?page=2\u0026pageSize=3","status_code":200,"time":"2022-09-11 17:42:53"}
{"client_ip":"::1","latency_time":633100,"level":"info","msg":"","req_method":"GET","req_uri":"/v1/articleList?page=1\u0026pageSize=3","status_code":200,"time":"2022-09-11 17:43:02"}
{"client_ip":"::1","latency_time":1379600,"level":"info","msg":"","req_method":"GET","req_uri":"/v1/articleList?page=1\u0026pageSize=3","status_code":200,"time":"2022-09-11 17:47:34"}
{"client_ip":"::1","latency_time":613300,"level":"info","msg":"","req_method":"GET","req_uri":"/v1/articleList?page=1\u0026pageSize=2","status_code":200,"time":"2022-09-11 17:47:42"}
{"client_ip":"::1","latency_time":26977052600,"level":"info","msg":"","req_method":"GET","req_uri":"/v1/articleList?page=1\u0026pageSize=2","status_code":200,"time":"2022-09-11 18:02:31"}
{"client_ip":"::1","latency_time":1365000,"level":"info","msg":"","req_method":"GET","req_uri":"/v1/articleList?page=1\u0026pageSize=2","status_code":200,"time":"2022-09-11 18:03:28"}
{"client_ip":"::1","latency_time":2220300,"level":"info","msg":"","req_method":"GET","req_uri":"/v1/articleList?page=1\u0026pageSize=1","status_code":200,"time":"2022-09-11 18:03:35"}
{"client_ip":"::1","latency_time":1037700,"level":"info","msg":"","req_method":"GET","req_uri":"/v1/articleList?page=2\u0026pageSize=1","status_code":200,"time":"2022-09-11 18:03:43"}
{"client_ip":"::1","latency_time":726100,"level":"info","msg":"","req_method":"GET","req_uri":"/v1/articleList?page=3\u0026pageSize=1","status_code":200,"time":"2022-09-11 18:03:54"}
{"client_ip":"::1","latency_time":1414200,"level":"info","msg":"","req_method":"GET","req_uri":"/v1/articleList","status_code":200,"time":"2022-09-11 18:05:01"}
{"client_ip":"::1","latency_time":969800,"level":"info","msg":"","req_method":"GET","req_uri":"/v1/articleList","status_code":200,"time":"2022-09-11 18:05:05"}
{"client_ip":"::1","latency_time":1259200,"level":"info","msg":"","req_method":"GET","req_uri":"/v1/articleList","status_code":200,"time":"2022-09-11 18:05:13"}
{"client_ip":"::1","latency_time":734800,"level":"info","msg":"","req_method":"GET","req_uri":"/v1/articleList","status_code":200,"time":"2022-09-11 18:31:26"}
{"client_ip":"::1","latency_time":1306000,"level":"info","msg":"","req_method":"GET","req_uri":"/v1/articleList","status_code":200,"time":"2022-09-11 18:31:35"}
{"client_ip":"::1","latency_time":3338900,"level":"info","msg":"","req_method":"GET","req_uri":"/v1/articleList?page=3","status_code":200,"time":"2022-09-11 18:31:37"}
{"client_ip":"::1","latency_time":1093300,"level":"info","msg":"","req_method":"GET","req_uri":"/v1/articleList?page=3","status_code":200,"time":"2022-09-11 18:31:43"}
{"client_ip":"::1","latency_time":996600,"level":"info","msg":"","req_method":"GET","req_uri":"/v1/articleList?page=3","status_code":200,"time":"2022-09-11 18:32:08"}
{"client_ip":"::1","latency_time":1253700,"level":"info","msg":"","req_method":"GET","req_uri":"/v1/articleList?pageSize=1","status_code":200,"time":"2022-09-11 18:32:14"}
{"client_ip":"::1","latency_time":1248300,"level":"info","msg":"","req_method":"GET","req_uri":"/v1/articleList?page=3\u0026pageSize=1","status_code":200,"time":"2022-09-11 18:32:18"}
{"client_ip":"::1","latency_time":1024600,"level":"info","msg":"","req_method":"GET","req_uri":"/v1/articleList?page=3","status_code":200,"time":"2022-09-11 18:32:23"}
{"client_ip":"::1","latency_time":1390700,"level":"info","msg":"","req_method":"GET","req_uri":"/v1/articleList?page=1","status_code":200,"time":"2022-09-11 18:33:31"}
{"client_ip":"::1","latency_time":275078200,"level":"info","msg":"","req_method":"GET","req_uri":"/v1/articleList?page=3\u0026pageSize=1","status_code":200,"time":"2022-09-11 18:36:37"}
{"client_ip":"::1","latency_time":94769200,"level":"info","msg":"","req_method":"PUT","req_uri":"/v1/publish","status_code":200,"time":"2022-09-11 18:38:52"}
{"client_ip":"::1","latency_time":709200,"level":"info","msg":"","req_method":"GET","req_uri":"/v1/articleList?page=3\u0026pageSize=1","status_code":200,"time":"2022-09-11 18:39:04"}
{"client_ip":"::1","latency_time":1265300,"level":"info","msg":"","req_method":"GET","req_uri":"/v1/articleList?page=1\u0026pageSize=10","status_code":200,"time":"2022-09-11 18:39:11"}
